ERROR 2014-06-26 00:41:12,062 AWT-EventQueue-0 gj.ui.AppWindow - finish setup
INFO 2014-06-26 00:41:16,190 AWT-EventQueue-0 gj.ui.controllers.TreeController - load
INFO 2014-06-26 00:43:22,028 AWT-EventQueue-0 gj.ui.controllers.TreeController - insert node: null , New uu Node to:null , uu
INFO 2014-06-26 00:44:02,635 AWT-EventQueue-0 gj.ui.controllers.TreeController - insert node: null , New uu Node to:null , uu
INFO 2014-06-26 00:44:04,259 AWT-EventQueue-0 gj.ui.controllers.TreeController - insert node: null , New uu Node to:null , New uu Node
INFO 2014-06-26 00:44:05,404 AWT-EventQueue-0 gj.ui.controllers.TreeController - insert node: null , New uu Node to:null , New uu Node
INFO 2014-06-26 00:44:56,543 AWT-EventQueue-0 gj.ui.controllers.TreeController - delete node: null , New uu Node from:null , uu
INFO 2014-06-26 00:45:03,150 AWT-EventQueue-0 gj.ui.controllers.TreeController - delete node: null , New uu Node from:null , New uu Node
INFO 2014-06-26 00:45:06,189 AWT-EventQueue-0 gj.ui.controllers.TreeController - delete node: null , New uu Node from:null , uu
ERROR 2014-06-26 01:01:39,598 AWT-EventQueue-0 gj.ui.AppWindow - finish setup
INFO 2014-06-26 01:01:46,531 AWT-EventQueue-0 gj.ui.controllers.TreeController - load
INFO 2014-06-26 01:01:55,990 AWT-EventQueue-0 gj.ui.controllers.TreeController - update:null , Neasdfsdf sdde
INFO 2014-06-26 01:02:00,452 AWT-EventQueue-0 gj.ui.controllers.TreeController - insert node: null , New ooo Node to:null , ooo
INFO 2014-06-26 01:02:00,940 AWT-EventQueue-0 gj.ui.controllers.TreeController - insert node: null , New ooo Node to:null , ooo
INFO 2014-06-26 01:02:03,740 AWT-EventQueue-0 gj.ui.controllers.TreeController - insert node: null , New ooo Node to:null , Neasdfsdf sdde
INFO 2014-06-26 01:02:10,801 AWT-EventQueue-0 gj.ui.controllers.TreeController - delete node: null , New ooo Node from:null , ooo
INFO 2014-06-26 01:02:15,607 AWT-EventQueue-0 gj.ui.controllers.TreeController - delete node: null , Neasdfsdf sdde from:null , ooo
INFO 2014-06-26 01:02:33,879 AWT-EventQueue-0 gj.ui.controllers.TreeController - update:null , ooouuy
ERROR 2014-06-26 01:09:25,227 AWT-EventQueue-0 gj.ui.AppWindow - finish setup
INFO 2014-06-26 01:09:29,542 AWT-EventQueue-0 gj.ui.controllers.TreeController - load
INFO 2014-06-26 01:09:34,281 AWT-EventQueue-0 gj.ui.controllers.TreeController - insert node: null , New t Node to:null , t
INFO 2014-06-26 01:09:44,321 AWT-EventQueue-0 gj.ui.controllers.TreeController - insert node: null , New t Node to:null , t
ERROR 2014-06-26 01:10:56,148 AWT-EventQueue-0 gj.ui.AppWindow - finish setup
INFO 2014-06-26 01:11:00,673 AWT-EventQueue-0 gj.ui.controllers.TreeController - load
INFO 2014-06-26 01:11:04,424 AWT-EventQueue-0 gj.ui.controllers.TreeController - insert node: null , New r Node to:null , r
INFO 2014-06-26 01:11:10,752 AWT-EventQueue-0 gj.ui.controllers.TreeController - insert node: null , New r Node to:null , r
ERROR 2014-06-26 01:11:42,653 AWT-EventQueue-0 gj.ui.AppWindow - finish setup
INFO 2014-06-26 01:11:49,724 AWT-EventQueue-0 gj.ui.controllers.TreeController - load
INFO 2014-06-26 01:11:51,632 AWT-EventQueue-0 gj.ui.controllers.TreeController - insert node: null , New l Node to:null , l
ERROR 2014-06-26 01:12:27,819 AWT-EventQueue-0 gj.ui.AppWindow - finish setup
INFO 2014-06-26 01:12:32,533 AWT-EventQueue-0 gj.ui.controllers.TreeController - load
INFO 2014-06-26 01:12:34,375 AWT-EventQueue-0 gj.ui.controllers.TreeController - insert node: null , New o Node to:null , o
INFO 2014-06-26 01:12:35,079 AWT-EventQueue-0 gj.ui.controllers.TreeController - insert node: null , New o Node to:null , o
INFO 2014-06-26 01:12:35,551 AWT-EventQueue-0 gj.ui.controllers.TreeController - insert node: null , New o Node to:null , o
INFO 2014-06-26 01:12:36,063 AWT-EventQueue-0 gj.ui.controllers.TreeController - insert node: null , New o Node to:null , New o Node
INFO 2014-06-26 01:12:36,575 AWT-EventQueue-0 gj.ui.controllers.TreeController - insert node: null , New o Node to:null , New o Node
ERROR 2014-06-26 02:09:07,381 AWT-EventQueue-0 gj.ui.AppWindow - finish setup
INFO 2014-06-26 02:09:11,451 AWT-EventQueue-0 gj.ui.controllers.TreeController - load
ERROR 2014-06-26 02:09:42,839 AWT-EventQueue-0 gj.ui.AppWindow - finish setup
INFO 2014-06-26 02:09:47,373 AWT-EventQueue-0 gj.ui.controllers.TreeController - load
INFO 2014-06-26 02:09:58,439 AWT-EventQueue-0 gj.ui.controllers.TreeController - insert node: null , New d Node to:null , d
INFO 2014-06-26 02:09:58,703 AWT-EventQueue-0 gj.ui.controllers.TreeController - insert node: null , New d Node to:null , d
INFO 2014-06-26 02:09:58,959 AWT-EventQueue-0 gj.ui.controllers.TreeController - insert node: null , New d Node to:null , d
INFO 2014-06-26 02:09:59,175 AWT-EventQueue-0 gj.ui.controllers.TreeController - insert node: null , New d Node to:null , d
INFO 2014-06-26 02:10:05,063 AWT-EventQueue-0 gj.ui.controllers.TreeController - update:null , sdfsf
INFO 2014-06-26 02:10:13,243 AWT-EventQueue-0 gj.ui.controllers.TreeController - delete node: null , New d Node from:null , d
ERROR 2014-06-26 02:11:32,884 AWT-EventQueue-0 gj.ui.AppWindow - finish setup
INFO 2014-06-26 02:11:35,923 AWT-EventQueue-0 gj.ui.controllers.TreeController - load
INFO 2014-06-26 02:12:46,295 AWT-EventQueue-0 gj.ui.controllers.TreeController - load
ERROR 2014-06-26 02:14:26,292 AWT-EventQueue-0 gj.ui.AppWindow - finish setup
INFO 2014-06-26 02:14:30,487 AWT-EventQueue-0 gj.ui.controllers.TreeController - load
ERROR 2014-06-26 02:16:06,165 AWT-EventQueue-0 gj.ui.AppWindow - finish setup
INFO 2014-06-26 02:16:09,441 AWT-EventQueue-0 gj.ui.controllers.TreeController - load
INFO 2014-06-26 02:16:17,565 AWT-EventQueue-0 gj.ui.controllers.TreeController - insert node: null , New kk Node to:null , kk
INFO 2014-06-26 02:16:17,980 AWT-EventQueue-0 gj.ui.controllers.TreeController - insert node: null , New kk Node to:null , kk
INFO 2014-06-26 02:16:18,180 AWT-EventQueue-0 gj.ui.controllers.TreeController - insert node: null , New kk Node to:null , kk
INFO 2014-06-26 02:16:18,364 AWT-EventQueue-0 gj.ui.controllers.TreeController - insert node: null , New kk Node to:null , kk
INFO 2014-06-26 02:16:18,540 AWT-EventQueue-0 gj.ui.controllers.TreeController - insert node: null , New kk Node to:null , kk
INFO 2014-06-26 02:16:24,564 AWT-EventQueue-0 gj.ui.controllers.TreeController - update:null , ooooode
INFO 2014-06-26 02:16:33,225 AWT-EventQueue-0 gj.ui.controllers.TreeController - delete node: null , New kk Node from:null , kk
INFO 2014-06-26 02:17:07,037 AWT-EventQueue-0 gj.ui.controllers.TreeController - insert node: null , New kk Node to:null , kk
ERROR 2014-06-26 02:17:16,990 AWT-EventQueue-0 gj.ui.AppWindow - finish setup
INFO 2014-06-26 02:17:20,539 AWT-EventQueue-0 gj.ui.controllers.TreeController - load
ERROR 2014-06-26 02:19:59,520 AWT-EventQueue-0 gj.ui.AppWindow - finish setup
INFO 2014-06-26 02:20:02,529 AWT-EventQueue-0 gj.ui.controllers.TreeController - load
INFO 2014-06-26 02:21:31,540 AWT-EventQueue-0 gj.ui.controllers.TreeController - load
INFO 2014-06-26 02:21:55,112 AWT-EventQueue-0 gj.ui.controllers.TreeController - load
ERROR 2014-06-26 11:24:18,905 AWT-EventQueue-0 gj.ui.AppWindow - finish setup
ERROR 2014-06-26 11:24:20,204 AWT-EventQueue-0 gj.ui.AppWindow - finish setup
ERROR 2014-06-26 11:24:52,969 AWT-EventQueue-0 gj.ui.AppWindow - finish setup
INFO 2014-06-26 11:25:05,511 AWT-EventQueue-0 gj.ui.controllers.TreeController - load
ERROR 2014-06-26 11:27:11,592 AWT-EventQueue-0 gj.ui.AppWindow - finish setup
INFO 2014-06-26 11:27:17,270 AWT-EventQueue-0 gj.ui.controllers.TreeController - load
INFO 2014-06-26 11:27:33,882 AWT-EventQueue-0 gj.ui.controllers.TreeController - load
